C51 COMPILER V9.01   DELAY                                                                 11/29/2017 13:04:52 PAGE 1   


C51 COMPILER V9.01, COMPILATION OF MODULE DELAY
OBJECT MODULE PLACED IN delay.OBJ
COMPILER INVOKED BY: D:\专业软件安装\keil\C51\BIN\C51.EXE delay.c BROWSE DEBUG OBJECTEXTEND

line level    source

   1          #include <intrins.h>
   2          #include "delay.h"
   3          
   4          void Delay1ms(int x)
   5          {  int i,j;
   6   1         for(i=0;i<x;i++)
   7   1            for(j=0;j<120;j++);
   8   1      }
   9          
  10          
  11           void Delayms(int y)
  12          {  int i,j;
  13   1         for(i=0;i<y;i++)
  14   1            for(j=0;j<12;j++);
  15   1      }


MODULE INFORMATION:   STATIC OVERLAYABLE
   CODE SIZE        =     76    ----
   CONSTANT SIZE    =   ----    ----
   XDATA SIZE       =   ----    ----
   PDATA SIZE       =   ----    ----
   DATA SIZE        =   ----    ----
   IDATA SIZE       =   ----    ----
   BIT SIZE         =   ----    ----
END OF MODULE INFORMATION.


C51 COMPILATION COMPLETE.  0 WARNING(S),  0 ERROR(S)
